<?xml version="1.0" encoding="UTF-8"?>
<testng-results skipped="0" failed="0" ignored="0" total="1" passed="1">
  <reporter-output>
  </reporter-output>
  <suite name="Default suite" duration-ms="20843" started-at="2020-01-26T18:30:28Z" finished-at="2020-01-26T18:30:49Z">
    <groups>
    </groups>
    <test name="Default test" duration-ms="20843" started-at="2020-01-26T18:30:28Z" finished-at="2020-01-26T18:30:49Z">
      <class name="ap.test.HomePageTest">
        <test-method status="PASS" signature="setUp()[pri:0, instance:ap.test.HomePageTest@724af044]" name="setUp" is-config="true" duration-ms="16711" started-at="2020-01-26T13:30:30Z" finished-at="2020-01-26T13:30:46Z">
          <reporter-output>
          </reporter-output>
        </test-method> <!-- setUp -->
        <test-method status="PASS" signature="varifyMessage(java.lang.String, java.lang.String, java.lang.String)[pri:0, instance:ap.test.HomePageTest@724af044]" name="varifyMessage" duration-ms="2910" started-at="2020-01-26T13:30:46Z" data-provider="getTestData" finished-at="2020-01-26T13:30:49Z">
          <params>
            <param index="0">
              <value>
                <![CDATA[Customer service]]>
              </value>
            </param>
            <param index="1">
              <value>
                <![CDATA[trainerjp4u@gmail.com]]>
              </value>
            </param>
            <param index="2">
              <value>
                <![CDATA[need to cancel order]]>
              </value>
            </param>
          </params>
          <reporter-output>
          </reporter-output>
        </test-method> <!-- varifyMessage -->
      </class> <!-- ap.test.HomePageTest -->
    </test> <!-- Default test -->
  </suite> <!-- Default suite -->
</testng-results>
